2022-05-16 21:32:59.395  INFO 19621 --- [restartedMain] c.j.libraryapi.LibraryapiApplication     : Starting LibraryapiApplication using Java 11.0.15 on franco with PID 19621 (/home/franco/Documentos/Estudos/SpringBootAPI/LibraryAPI/libraryapi/target/classes started by franco in /home/franco/Documentos/Estudos/SpringBootAPI/LibraryAPI/libraryapi)
2022-05-16 21:32:59.398  INFO 19621 --- [restartedMain] c.j.libraryapi.LibraryapiApplication     : No active profile set, falling back to 1 default profile: "default"
2022-05-16 21:32:59.489  INFO 19621 --- [restartedMain] .e.DevToolsPropertyDefaultsPostProcessor : Devtools property defaults active! Set 'spring.devtools.add-properties' to 'false' to disable
2022-05-16 21:32:59.489  INFO 19621 --- [restartedMain] .e.DevToolsPropertyDefaultsPostProcessor : For additional web related logging consider setting the 'logging.level.web' property to 'DEBUG'
2022-05-16 21:33:01.523  INFO 19621 --- [restartedMain] .s.d.r.c.RepositoryConfigurationDelegate : Bootstrapping Spring Data JPA repositories in DEFAULT mode.
2022-05-16 21:33:01.598  INFO 19621 --- [restartedMain] .s.d.r.c.RepositoryConfigurationDelegate : Finished Spring Data repository scanning in 62 ms. Found 2 JPA repository interfaces.
2022-05-16 21:33:02.465  INFO 19621 --- [restartedMain] o.s.b.w.embedded.tomcat.TomcatWebServer  : Tomcat initialized with port(s): 8080 (http)
2022-05-16 21:33:02.479  INFO 19621 --- [restartedMain] o.apache.catalina.core.StandardService   : Starting service [Tomcat]
2022-05-16 21:33:02.479  INFO 19621 --- [restartedMain] org.apache.catalina.core.StandardEngine  : Starting Servlet engine: [Apache Tomcat/9.0.60]
2022-05-16 21:33:02.565  INFO 19621 --- [restartedMain] o.a.c.c.C.[Tomcat].[localhost].[/]       : Initializing Spring embedded WebApplicationContext
2022-05-16 21:33:02.565  INFO 19621 --- [restartedMain] w.s.c.ServletWebServerApplicationContext : Root WebApplicationContext: initialization completed in 3075 ms
2022-05-16 21:33:02.829  INFO 19621 --- [restartedMain] com.zaxxer.hikari.HikariDataSource       : HikariPool-1 - Starting...
2022-05-16 21:33:03.019  INFO 19621 --- [restartedMain] com.zaxxer.hikari.HikariDataSource       : HikariPool-1 - Start completed.
2022-05-16 21:33:03.034  INFO 19621 --- [restartedMain] o.s.b.a.h2.H2ConsoleAutoConfiguration    : H2 console available at '/h2-console'. Database available at 'jdbc:h2:mem:844f98a8-6af2-47ea-bf2c-dda814e52e8f'
2022-05-16 21:33:03.247  INFO 19621 --- [restartedMain] o.hibernate.jpa.internal.util.LogHelper  : HHH000204: Processing PersistenceUnitInfo [name: default]
2022-05-16 21:33:03.301  INFO 19621 --- [restartedMain] org.hibernate.Version                    : HHH000412: Hibernate ORM core version 5.6.7.Final
2022-05-16 21:33:03.475  INFO 19621 --- [restartedMain] o.hibernate.annotations.common.Version   : HCANN000001: Hibernate Commons Annotations {5.1.2.Final}
2022-05-16 21:33:03.579  INFO 19621 --- [restartedMain] org.hibernate.dialect.Dialect            : HHH000400: Using dialect: org.hibernate.dialect.H2Dialect
2022-05-16 21:33:04.300  INFO 19621 --- [restartedMain] o.h.e.t.j.p.i.JtaPlatformInitiator       : HHH000490: Using JtaPlatform implementation: [org.hibernate.engine.transaction.jta.platform.internal.NoJtaPlatform]
2022-05-16 21:33:04.310  INFO 19621 --- [restartedMain] j.LocalContainerEntityManagerFactoryBean : Initialized JPA EntityManagerFactory for persistence unit 'default'
2022-05-16 21:33:05.191  WARN 19621 --- [restartedMain] JpaBaseConfiguration$JpaWebConfiguration : spring.jpa.open-in-view is enabled by default. Therefore, database queries may be performed during view rendering. Explicitly configure spring.jpa.open-in-view to disable this warning
2022-05-16 21:33:06.418  INFO 19621 --- [restartedMain] o.s.b.d.a.OptionalLiveReloadServer       : LiveReload server is running on port 35729
2022-05-16 21:33:06.427  INFO 19621 --- [restartedMain] o.s.b.a.e.web.EndpointLinksResolver      : Exposing 14 endpoint(s) beneath base path '/actuator'
2022-05-16 21:33:06.513  INFO 19621 --- [restartedMain] o.s.b.w.embedded.tomcat.TomcatWebServer  : Tomcat started on port(s): 8080 (http) with context path ''
2022-05-16 21:33:06.539  INFO 19621 --- [restartedMain] c.j.libraryapi.LibraryapiApplication     : Started LibraryapiApplication in 7.839 seconds (JVM running for 8.567)
2022-05-16 21:33:26.543  INFO 19621 --- [http-nio-8080-exec-1] o.a.c.c.C.[Tomcat].[localhost].[/]       : Initializing Spring DispatcherServlet 'dispatcherServlet'
2022-05-16 21:33:26.544  INFO 19621 --- [http-nio-8080-exec-1] o.s.web.servlet.DispatcherServlet        : Initializing Servlet 'dispatcherServlet'
2022-05-16 21:33:26.546  INFO 19621 --- [http-nio-8080-exec-1] o.s.web.servlet.DispatcherServlet        : Completed initialization in 2 ms
2022-05-16 21:36:04.498  INFO 19621 --- [SpringApplicationShutdownHook] j.LocalContainerEntityManagerFactoryBean : Closing JPA EntityManagerFactory for persistence unit 'default'
2022-05-16 21:36:04.499  INFO 19621 --- [SpringApplicationShutdownHook] .SchemaDropperImpl$DelayedDropActionImpl : HHH000477: Starting delayed evictData of schema as part of SessionFactory shut-down'
2022-05-16 21:36:04.727  WARN 19621 --- [SpringApplicationShutdownHook] o.s.b.f.support.DisposableBeanAdapter    : Invocation of destroy method failed on bean with name 'inMemoryDatabaseShutdownExecutor': org.h2.jdbc.JdbcSQLNonTransientConnectionException: Database is already closed (to disable automatic closing at VM shutdown, add ";DB_CLOSE_ON_EXIT=FALSE" to the db URL) [90121-200]
2022-05-16 21:36:04.728  INFO 19621 --- [SpringApplicationShutdownHook] com.zaxxer.hikari.HikariDataSource       : HikariPool-1 - Shutdown initiated...
2022-05-16 21:36:04.738  INFO 19621 --- [SpringApplicationShutdownHook] com.zaxxer.hikari.HikariDataSource       : HikariPool-1 - Shutdown completed.
2022-05-16 21:36:11.537  INFO 19855 --- [restartedMain] c.j.libraryapi.LibraryapiApplication     : Starting LibraryapiApplication using Java 11.0.15 on franco with PID 19855 (/home/franco/Documentos/Estudos/SpringBootAPI/LibraryAPI/libraryapi/target/classes started by franco in /home/franco/Documentos/Estudos/SpringBootAPI/LibraryAPI/libraryapi)
2022-05-16 21:36:11.539  INFO 19855 --- [restartedMain] c.j.libraryapi.LibraryapiApplication     : No active profile set, falling back to 1 default profile: "default"
2022-05-16 21:36:11.774  INFO 19855 --- [restartedMain] .e.DevToolsPropertyDefaultsPostProcessor : Devtools property defaults active! Set 'spring.devtools.add-properties' to 'false' to disable
2022-05-16 21:36:11.775  INFO 19855 --- [restartedMain] .e.DevToolsPropertyDefaultsPostProcessor : For additional web related logging consider setting the 'logging.level.web' property to 'DEBUG'
2022-05-16 21:36:14.384  INFO 19855 --- [restartedMain] .s.d.r.c.RepositoryConfigurationDelegate : Bootstrapping Spring Data JPA repositories in DEFAULT mode.
2022-05-16 21:36:14.480  INFO 19855 --- [restartedMain] .s.d.r.c.RepositoryConfigurationDelegate : Finished Spring Data repository scanning in 76 ms. Found 2 JPA repository interfaces.
2022-05-16 21:36:15.707  INFO 19855 --- [restartedMain] o.s.b.w.embedded.tomcat.TomcatWebServer  : Tomcat initialized with port(s): 8080 (http)
2022-05-16 21:36:15.725  INFO 19855 --- [restartedMain] o.apache.catalina.core.StandardService   : Starting service [Tomcat]
2022-05-16 21:36:15.725  INFO 19855 --- [restartedMain] org.apache.catalina.core.StandardEngine  : Starting Servlet engine: [Apache Tomcat/9.0.60]
2022-05-16 21:36:15.819  INFO 19855 --- [restartedMain] o.a.c.c.C.[Tomcat].[localhost].[/]       : Initializing Spring embedded WebApplicationContext
2022-05-16 21:36:15.820  INFO 19855 --- [restartedMain] w.s.c.ServletWebServerApplicationContext : Root WebApplicationContext: initialization completed in 4044 ms
2022-05-16 21:36:16.138  INFO 19855 --- [restartedMain] com.zaxxer.hikari.HikariDataSource       : HikariPool-1 - Starting...
2022-05-16 21:36:16.453  INFO 19855 --- [restartedMain] com.zaxxer.hikari.HikariDataSource       : HikariPool-1 - Start completed.
2022-05-16 21:36:16.488  INFO 19855 --- [restartedMain] o.s.b.a.h2.H2ConsoleAutoConfiguration    : H2 console available at '/h2-console'. Database available at 'jdbc:h2:mem:7d99f0f7-141e-456f-8341-178bed6604fb'
2022-05-16 21:36:16.811  INFO 19855 --- [restartedMain] o.hibernate.jpa.internal.util.LogHelper  : HHH000204: Processing PersistenceUnitInfo [name: default]
2022-05-16 21:36:16.897  INFO 19855 --- [restartedMain] org.hibernate.Version                    : HHH000412: Hibernate ORM core version 5.6.7.Final
2022-05-16 21:36:17.221  INFO 19855 --- [restartedMain] o.hibernate.annotations.common.Version   : HCANN000001: Hibernate Commons Annotations {5.1.2.Final}
2022-05-16 21:36:17.419  INFO 19855 --- [restartedMain] org.hibernate.dialect.Dialect            : HHH000400: Using dialect: org.hibernate.dialect.H2Dialect
2022-05-16 21:36:18.461  INFO 19855 --- [restartedMain] o.h.e.t.j.p.i.JtaPlatformInitiator       : HHH000490: Using JtaPlatform implementation: [org.hibernate.engine.transaction.jta.platform.internal.NoJtaPlatform]
2022-05-16 21:36:18.481  INFO 19855 --- [restartedMain] j.LocalContainerEntityManagerFactoryBean : Initialized JPA EntityManagerFactory for persistence unit 'default'
2022-05-16 21:36:19.699  WARN 19855 --- [restartedMain] JpaBaseConfiguration$JpaWebConfiguration : spring.jpa.open-in-view is enabled by default. Therefore, database queries may be performed during view rendering. Explicitly configure spring.jpa.open-in-view to disable this warning
2022-05-16 21:36:21.878  INFO 19855 --- [restartedMain] o.s.b.d.a.OptionalLiveReloadServer       : LiveReload server is running on port 35729
2022-05-16 21:36:21.892  INFO 19855 --- [restartedMain] o.s.b.a.e.web.EndpointLinksResolver      : Exposing 14 endpoint(s) beneath base path '/actuator'
2022-05-16 21:36:22.047  INFO 19855 --- [restartedMain] o.s.b.w.embedded.tomcat.TomcatWebServer  : Tomcat started on port(s): 8080 (http) with context path ''
2022-05-16 21:36:22.091  INFO 19855 --- [restartedMain] c.j.libraryapi.LibraryapiApplication     : Started LibraryapiApplication in 11.39 seconds (JVM running for 12.505)
2022-05-16 21:36:25.903  INFO 19855 --- [http-nio-8080-exec-1] o.a.c.c.C.[Tomcat].[localhost].[/]       : Initializing Spring DispatcherServlet 'dispatcherServlet'
2022-05-16 21:36:25.909  INFO 19855 --- [http-nio-8080-exec-1] o.s.web.servlet.DispatcherServlet        : Initializing Servlet 'dispatcherServlet'
2022-05-16 21:36:25.917  INFO 19855 --- [http-nio-8080-exec-1] o.s.web.servlet.DispatcherServlet        : Completed initialization in 5 ms
2022-05-16 21:36:27.956  INFO 19855 --- [http-nio-8080-exec-9] o.springdoc.api.AbstractOpenApiResource  : Init duration for springdoc-openapi is: 1145 ms
2022-05-16 21:36:36.359  INFO 19855 --- [http-nio-8080-exec-10] c.j.l.api.resource.BookController        : CREATE A BOOK FOR ISBN: string 
2022-05-16 21:37:05.048  INFO 19855 --- [http-nio-8080-exec-5] c.j.l.api.resource.BookController        : OBTAINING DETAILS FOR BOOK ID: 1 
2022-05-16 21:43:29.593  INFO 19855 --- [SpringApplicationShutdownHook] j.LocalContainerEntityManagerFactoryBean : Closing JPA EntityManagerFactory for persistence unit 'default'
2022-05-16 21:43:29.594  INFO 19855 --- [SpringApplicationShutdownHook] .SchemaDropperImpl$DelayedDropActionImpl : HHH000477: Starting delayed evictData of schema as part of SessionFactory shut-down'
2022-05-16 21:43:29.815  WARN 19855 --- [SpringApplicationShutdownHook] o.s.b.f.support.DisposableBeanAdapter    : Invocation of destroy method failed on bean with name 'inMemoryDatabaseShutdownExecutor': org.h2.jdbc.JdbcSQLNonTransientConnectionException: Database is already closed (to disable automatic closing at VM shutdown, add ";DB_CLOSE_ON_EXIT=FALSE" to the db URL) [90121-200]
2022-05-16 21:43:29.821  INFO 19855 --- [SpringApplicationShutdownHook] com.zaxxer.hikari.HikariDataSource       : HikariPool-1 - Shutdown initiated...
2022-05-16 21:43:29.843  INFO 19855 --- [SpringApplicationShutdownHook] com.zaxxer.hikari.HikariDataSource       : HikariPool-1 - Shutdown completed.
